2025-09-24 12:59:30 ERROR Basetest:42 - Login failed: null
2025-09-24 13:34:45 ERROR Basetest:42 - Login failed: null
2025-09-24 13:44:27 ERROR Basetest:42 - Login failed: null
2025-09-24 13:53:12 ERROR Basetest:42 - Login failed: null
2025-09-24 13:56:55 INFO  Basetest:32 - ✅ Logged in successfully before test suite
2025-09-24 13:59:03 INFO  Basetest:32 - ✅ Logged in successfully before test suite
2025-09-24 14:00:56 INFO  Basetest:32 - ✅ Logged in successfully before test suite
2025-10-07 14:46:31 INFO  TestListener:28 - Suite started: Default suite
2025-10-07 14:46:50 INFO  TestListener:62 - Test started: testAddEstimator
2025-10-07 14:47:23 INFO  TestListener:69 - Test passed: testAddEstimator
2025-10-07 14:47:25 INFO  TestListener:45 - Suite finished: Default suite
2025-10-07 15:13:19 INFO  TestListener:28 - Suite started: Default suite
2025-10-07 15:13:37 INFO  TestListener:61 - Test started: testAddEstimator
2025-10-07 15:14:10 INFO  TestListener:68 - Test passed: testAddEstimator
2025-10-07 15:14:11 INFO  TestListener:43 - Suite finished: Default suite
2025-10-07 15:20:25 INFO  TestListener:28 - Suite started: Default suite
2025-10-07 15:20:43 INFO  TestListener:61 - Test started: testAddEstimator
2025-10-07 15:21:16 INFO  TestListener:68 - Test passed: testAddEstimator
2025-10-07 15:21:18 INFO  TestListener:43 - Suite finished: Default suite
2025-10-24 10:19:56 INFO  TestListener:28 - Suite started: Default suite
2025-10-24 10:20:16 INFO  TestListener:61 - Test started: testAddEstimator
2025-10-24 10:20:16 INFO  TestListener:68 - Test passed: testAddEstimator
2025-10-24 10:20:17 INFO  TestListener:43 - Suite finished: Default suite
2025-10-24 10:21:50 INFO  TestListener:28 - Suite started: Default suite
2025-10-24 10:22:10 INFO  TestListener:61 - Test started: testAddEstimator
2025-10-24 10:22:10 INFO  TestListener:68 - Test passed: testAddEstimator
2025-10-24 10:22:11 INFO  TestListener:43 - Suite finished: Default suite
2025-10-24 10:27:02 INFO  TestListener:28 - Suite started: Default suite
2025-10-24 10:27:22 INFO  TestListener:61 - Test started: testAddEstimator
2025-10-24 10:27:54 INFO  TestListener:68 - Test passed: testAddEstimator
2025-10-24 10:27:56 INFO  TestListener:43 - Suite finished: Default suite
